c:\users\track\source\repos\3dsimalpha\3dsimalpha\x64\debug\3dsimalpha.pch
c:\users\track\source\repos\3dsimalpha\3dsimalpha\x64\debug\vc142.pdb
c:\users\track\source\repos\3dsimalpha\3dsimalpha\x64\debug\vc142.idb
c:\users\track\source\repos\3dsimalpha\3dsimalpha\x64\debug\pch.obj
c:\users\track\source\repos\3dsimalpha\3dsimalpha\x64\debug\ctd.obj
c:\users\jiali\desktop\3dsimalpha\3dsimalpha\x64\debug\3dsimalpha.pch
c:\users\jiali\desktop\3dsimalpha\3dsimalpha\x64\debug\vc142.pdb
c:\users\jiali\desktop\3dsimalpha\3dsimalpha\x64\debug\vc142.idb
c:\users\jiali\desktop\3dsimalpha\3dsimalpha\x64\debug\pch.obj
c:\users\track\source\repos\3dsimalpha\x64\debug\3dsimalpha.exe
c:\users\track\source\repos\3dsimalpha\x64\debug\3dsimalpha.ilk
c:\users\track\source\repos\3dsimalpha\x64\debug\3dsimalpha.pdb
c:\users\jiali\desktop\3dsimalpha\3dsimalpha\x64\debug\ctd.obj
c:\users\jiali\desktop\3dsimalpha\x64\debug\3dsimalpha.pdb
c:\users\jiali\desktop\3dsimalpha\x64\debug\3dsimalpha.exe
c:\users\jiali\desktop\3dsimalpha\x64\debug\3dsimalpha.ilk
c:\users\jiali\desktop\3dsimalpha\3dsimalpha\x64\debug\3dsimalpha.tlog\cl.command.1.tlog
c:\users\jiali\desktop\3dsimalpha\3dsimalpha\x64\debug\3dsimalpha.tlog\cl.read.1.tlog
c:\users\jiali\desktop\3dsimalpha\3dsimalpha\x64\debug\3dsimalpha.tlog\cl.write.1.tlog
c:\users\jiali\desktop\3dsimalpha\3dsimalpha\x64\debug\3dsimalpha.tlog\link.command.1.tlog
c:\users\jiali\desktop\3dsimalpha\3dsimalpha\x64\debug\3dsimalpha.tlog\link.read.1.tlog
c:\users\jiali\desktop\3dsimalpha\3dsimalpha\x64\debug\3dsimalpha.tlog\link.write.1.tlog
