  Ctd.cpp
C:\Users\track\source\repos\3Dsimalpha\3Dsimalpha\Shapes.h(34,16): warning C4305:  'initializing': truncation from 'double' to 'float'
C:\Users\track\source\repos\3Dsimalpha\3Dsimalpha\Shapes.h(35,16): warning C4305:  'initializing': truncation from 'double' to 'float'
C:\Users\track\source\repos\3Dsimalpha\3Dsimalpha\Shapes.h(36,17): warning C4305:  'initializing': truncation from 'double' to 'float'
C:\Users\track\source\repos\3Dsimalpha\3Dsimalpha\Shapes.h(37,28): warning C4305:  'initializing': truncation from 'double' to 'float'
C:\Users\track\source\repos\3Dsimalpha\3Dsimalpha\Shapes.h(72,23): warning C4305:  'initializing': truncation from 'double' to 'float'
C:\Users\track\source\repos\3Dsimalpha\3Dsimalpha\Shapes.h(154,9): warning C4244:  '=': conversion from 'int' to 'float', possible loss of data
C:\Users\track\source\repos\3Dsimalpha\3Dsimalpha\Shapes.h(157,14): warning C4244:  '=': conversion from 'float' to '_Ty', possible loss of data
C:\Users\track\source\repos\3Dsimalpha\3Dsimalpha\Shapes.h(157,14): warning C4244:         with
C:\Users\track\source\repos\3Dsimalpha\3Dsimalpha\Shapes.h(157,14): warning C4244:         [
C:\Users\track\source\repos\3Dsimalpha\3Dsimalpha\Shapes.h(157,14): warning C4244:             _Ty=int
C:\Users\track\source\repos\3Dsimalpha\3Dsimalpha\Shapes.h(157,14): warning C4244:         ]
C:\Users\track\source\repos\3Dsimalpha\3Dsimalpha\Shapes.h(158,7): warning C4244:  'argument': conversion from 'float' to 'const unsigned __int64', possible loss of data
C:\Users\track\source\repos\3Dsimalpha\3Dsimalpha\Ctd.cpp(106,14): warning C4244:  '=': conversion from 'float' to '_Ty', possible loss of data
C:\Users\track\source\repos\3Dsimalpha\3Dsimalpha\Ctd.cpp(106,14): warning C4244:         with
C:\Users\track\source\repos\3Dsimalpha\3Dsimalpha\Ctd.cpp(106,14): warning C4244:         [
C:\Users\track\source\repos\3Dsimalpha\3Dsimalpha\Ctd.cpp(106,14): warning C4244:             _Ty=int
C:\Users\track\source\repos\3Dsimalpha\3Dsimalpha\Ctd.cpp(106,14): warning C4244:         ]
C:\Users\track\source\repos\3Dsimalpha\3Dsimalpha\Ctd.cpp(109,14): warning C4244:  '=': conversion from 'float' to '_Ty', possible loss of data
C:\Users\track\source\repos\3Dsimalpha\3Dsimalpha\Ctd.cpp(109,14): warning C4244:         with
C:\Users\track\source\repos\3Dsimalpha\3Dsimalpha\Ctd.cpp(109,14): warning C4244:         [
C:\Users\track\source\repos\3Dsimalpha\3Dsimalpha\Ctd.cpp(109,14): warning C4244:             _Ty=int
C:\Users\track\source\repos\3Dsimalpha\3Dsimalpha\Ctd.cpp(109,14): warning C4244:         ]
C:\Users\track\source\repos\3Dsimalpha\3Dsimalpha\Ctd.cpp(112,18): warning C4305:  '+=': truncation from 'double' to 'float'
C:\Users\track\source\repos\3Dsimalpha\3Dsimalpha\Ctd.cpp(115,18): warning C4305:  '-=': truncation from 'double' to 'float'
C:\Users\track\source\repos\3Dsimalpha\3Dsimalpha\Ctd.cpp(118,14): warning C4244:  '=': conversion from 'float' to '_Ty', possible loss of data
C:\Users\track\source\repos\3Dsimalpha\3Dsimalpha\Ctd.cpp(118,14): warning C4244:         with
C:\Users\track\source\repos\3Dsimalpha\3Dsimalpha\Ctd.cpp(118,14): warning C4244:         [
C:\Users\track\source\repos\3Dsimalpha\3Dsimalpha\Ctd.cpp(118,14): warning C4244:             _Ty=int
C:\Users\track\source\repos\3Dsimalpha\3Dsimalpha\Ctd.cpp(118,14): warning C4244:         ]
C:\Users\track\source\repos\3Dsimalpha\3Dsimalpha\Ctd.cpp(121,14): warning C4244:  '=': conversion from 'float' to '_Ty', possible loss of data
C:\Users\track\source\repos\3Dsimalpha\3Dsimalpha\Ctd.cpp(121,14): warning C4244:         with
C:\Users\track\source\repos\3Dsimalpha\3Dsimalpha\Ctd.cpp(121,14): warning C4244:         [
C:\Users\track\source\repos\3Dsimalpha\3Dsimalpha\Ctd.cpp(121,14): warning C4244:             _Ty=int
C:\Users\track\source\repos\3Dsimalpha\3Dsimalpha\Ctd.cpp(121,14): warning C4244:         ]
C:\Users\track\source\repos\3Dsimalpha\3Dsimalpha\Ctd.cpp(246,111): warning C4244:  'argument': conversion from '_Ty' to 'sf::Uint8', possible loss of data
C:\Users\track\source\repos\3Dsimalpha\3Dsimalpha\Ctd.cpp(246,111): warning C4244:         with
C:\Users\track\source\repos\3Dsimalpha\3Dsimalpha\Ctd.cpp(246,111): warning C4244:         [
C:\Users\track\source\repos\3Dsimalpha\3Dsimalpha\Ctd.cpp(246,111): warning C4244:             _Ty=float
C:\Users\track\source\repos\3Dsimalpha\3Dsimalpha\Ctd.cpp(246,111): warning C4244:         ]
C:\Users\track\source\repos\3Dsimalpha\3Dsimalpha\Ctd.cpp(246,84): warning C4244:  'argument': conversion from '_Ty' to 'sf::Uint8', possible loss of data
C:\Users\track\source\repos\3Dsimalpha\3Dsimalpha\Ctd.cpp(246,84): warning C4244:         with
C:\Users\track\source\repos\3Dsimalpha\3Dsimalpha\Ctd.cpp(246,84): warning C4244:         [
C:\Users\track\source\repos\3Dsimalpha\3Dsimalpha\Ctd.cpp(246,84): warning C4244:             _Ty=float
C:\Users\track\source\repos\3Dsimalpha\3Dsimalpha\Ctd.cpp(246,84): warning C4244:         ]
C:\Users\track\source\repos\3Dsimalpha\3Dsimalpha\Ctd.cpp(246,57): warning C4244:  'argument': conversion from '_Ty' to 'sf::Uint8', possible loss of data
C:\Users\track\source\repos\3Dsimalpha\3Dsimalpha\Ctd.cpp(246,57): warning C4244:         with
C:\Users\track\source\repos\3Dsimalpha\3Dsimalpha\Ctd.cpp(246,57): warning C4244:         [
C:\Users\track\source\repos\3Dsimalpha\3Dsimalpha\Ctd.cpp(246,57): warning C4244:             _Ty=float
C:\Users\track\source\repos\3Dsimalpha\3Dsimalpha\Ctd.cpp(246,57): warning C4244:         ]
C:\Users\track\source\repos\3Dsimalpha\3Dsimalpha\Ctd.cpp(253,203): warning C4244:  'argument': conversion from '_Ty' to 'sf::Uint8', possible loss of data
C:\Users\track\source\repos\3Dsimalpha\3Dsimalpha\Ctd.cpp(253,203): warning C4244:         with
C:\Users\track\source\repos\3Dsimalpha\3Dsimalpha\Ctd.cpp(253,203): warning C4244:         [
C:\Users\track\source\repos\3Dsimalpha\3Dsimalpha\Ctd.cpp(253,203): warning C4244:             _Ty=float
C:\Users\track\source\repos\3Dsimalpha\3Dsimalpha\Ctd.cpp(253,203): warning C4244:         ]
C:\Users\track\source\repos\3Dsimalpha\3Dsimalpha\Ctd.cpp(253,176): warning C4244:  'argument': conversion from '_Ty' to 'sf::Uint8', possible loss of data
C:\Users\track\source\repos\3Dsimalpha\3Dsimalpha\Ctd.cpp(253,176): warning C4244:         with
C:\Users\track\source\repos\3Dsimalpha\3Dsimalpha\Ctd.cpp(253,176): warning C4244:         [
C:\Users\track\source\repos\3Dsimalpha\3Dsimalpha\Ctd.cpp(253,176): warning C4244:             _Ty=float
C:\Users\track\source\repos\3Dsimalpha\3Dsimalpha\Ctd.cpp(253,176): warning C4244:         ]
C:\Users\track\source\repos\3Dsimalpha\3Dsimalpha\Ctd.cpp(253,149): warning C4244:  'argument': conversion from '_Ty' to 'sf::Uint8', possible loss of data
C:\Users\track\source\repos\3Dsimalpha\3Dsimalpha\Ctd.cpp(253,149): warning C4244:         with
C:\Users\track\source\repos\3Dsimalpha\3Dsimalpha\Ctd.cpp(253,149): warning C4244:         [
C:\Users\track\source\repos\3Dsimalpha\3Dsimalpha\Ctd.cpp(253,149): warning C4244:             _Ty=float
C:\Users\track\source\repos\3Dsimalpha\3Dsimalpha\Ctd.cpp(253,149): warning C4244:         ]
C:\Users\track\source\repos\3Dsimalpha\3Dsimalpha\Ctd.cpp(254,203): warning C4244:  'argument': conversion from '_Ty' to 'sf::Uint8', possible loss of data
C:\Users\track\source\repos\3Dsimalpha\3Dsimalpha\Ctd.cpp(254,203): warning C4244:         with
C:\Users\track\source\repos\3Dsimalpha\3Dsimalpha\Ctd.cpp(254,203): warning C4244:         [
C:\Users\track\source\repos\3Dsimalpha\3Dsimalpha\Ctd.cpp(254,203): warning C4244:             _Ty=float
C:\Users\track\source\repos\3Dsimalpha\3Dsimalpha\Ctd.cpp(254,203): warning C4244:         ]
C:\Users\track\source\repos\3Dsimalpha\3Dsimalpha\Ctd.cpp(254,176): warning C4244:  'argument': conversion from '_Ty' to 'sf::Uint8', possible loss of data
C:\Users\track\source\repos\3Dsimalpha\3Dsimalpha\Ctd.cpp(254,176): warning C4244:         with
C:\Users\track\source\repos\3Dsimalpha\3Dsimalpha\Ctd.cpp(254,176): warning C4244:         [
C:\Users\track\source\repos\3Dsimalpha\3Dsimalpha\Ctd.cpp(254,176): warning C4244:             _Ty=float
C:\Users\track\source\repos\3Dsimalpha\3Dsimalpha\Ctd.cpp(254,176): warning C4244:         ]
C:\Users\track\source\repos\3Dsimalpha\3Dsimalpha\Ctd.cpp(254,149): warning C4244:  'argument': conversion from '_Ty' to 'sf::Uint8', possible loss of data
C:\Users\track\source\repos\3Dsimalpha\3Dsimalpha\Ctd.cpp(254,149): warning C4244:         with
C:\Users\track\source\repos\3Dsimalpha\3Dsimalpha\Ctd.cpp(254,149): warning C4244:         [
C:\Users\track\source\repos\3Dsimalpha\3Dsimalpha\Ctd.cpp(254,149): warning C4244:             _Ty=float
C:\Users\track\source\repos\3Dsimalpha\3Dsimalpha\Ctd.cpp(254,149): warning C4244:         ]
C:\Users\track\source\repos\3Dsimalpha\3Dsimalpha\Ctd.cpp(270,146): warning C4244:  'argument': conversion from 'double' to 'sf::Uint8', possible loss of data
C:\Users\track\source\repos\3Dsimalpha\3Dsimalpha\Ctd.cpp(270,107): warning C4244:  'argument': conversion from 'double' to 'sf::Uint8', possible loss of data
C:\Users\track\source\repos\3Dsimalpha\3Dsimalpha\Ctd.cpp(270,68): warning C4244:  'argument': conversion from 'double' to 'sf::Uint8', possible loss of data
  3Dsimalpha.vcxproj -> C:\Users\track\source\repos\3Dsimalpha\x64\Debug\3Dsimalpha.exe
